[2019-05-20 11:38:20] glpiphplog.WARNING: Test logger  
[2019-05-20 11:40:15] glpiphplog.DEBUG: Html::compileScss() in /var/www/sac_glpi_info/inc/html.class.php line 6743
css/styles is new, loading  {"user":"@neopolis"} 
[2019-05-20 11:40:15] glpiphplog.DEBUG: Html::compileScss() in /var/www/sac_glpi_info/inc/html.class.php line 6743
css/palettes/auror is new, loading  {"user":"@neopolis","mem_usage":"0.001\", 1.00Mio)"} 
[2019-05-20 11:56:09] glpiphplog.ERROR: Toolbox::userErrorHandlerNormal() in /var/www/sac_glpi_info/inc/toolbox.class.php line 659
  *** PHP Warning(2): ldap_bind(): Unable to bind to server: Invalid credentials
  Backtrace :
  :                                                  
  inc/authldap.class.php:2575                        ldap_bind()
  inc/authldap.class.php:1451                        AuthLDAP::connectToServer()
  front/authldap.form.php:51                         AuthLDAP::testLDAPConnection()
  {"user":"2@neopolis"} 
[2019-05-20 11:56:25] glpiphplog.ERROR: Toolbox::userErrorHandlerNormal() in /var/www/sac_glpi_info/inc/toolbox.class.php line 659
  *** PHP Warning(2): ldap_bind(): Unable to bind to server: Invalid credentials
  Backtrace :
  :                                                  
  inc/authldap.class.php:2575                        ldap_bind()
  inc/authldap.class.php:1451                        AuthLDAP::connectToServer()
  front/authldap.form.php:70                         AuthLDAP::testLDAPConnection()
  {"user":"2@neopolis"} 
[2019-05-20 11:56:40] glpiphplog.ERROR: Toolbox::userErrorHandlerNormal() in /var/www/sac_glpi_info/inc/toolbox.class.php line 659
  *** PHP Warning(2): ldap_bind(): Unable to bind to server: Invalid credentials
  Backtrace :
  :                                                  
  inc/authldap.class.php:2575                        ldap_bind()
  inc/authldap.class.php:1451                        AuthLDAP::connectToServer()
  front/authldap.form.php:70                         AuthLDAP::testLDAPConnection()
  {"user":"2@neopolis"} 
[2019-05-20 11:57:25] glpiphplog.ERROR: Toolbox::userErrorHandlerNormal() in /var/www/sac_glpi_info/inc/toolbox.class.php line 659
  *** PHP Warning(2): ldap_bind(): Unable to bind to server: Invalid credentials
  Backtrace :
  :                                                  
  inc/authldap.class.php:2575                        ldap_bind()
  inc/authldap.class.php:1451                        AuthLDAP::connectToServer()
  front/authldap.form.php:70                         AuthLDAP::testLDAPConnection()
  {"user":"2@neopolis"} 
[2019-05-20 12:02:01] glpiphplog.ERROR: Toolbox::userErrorHandlerNormal() in /var/www/sac_glpi_info/inc/toolbox.class.php line 659
  *** PHP Warning(2): ldap_bind(): Unable to bind to server: Invalid credentials
  Backtrace :
  :                                                  
  inc/authldap.class.php:2575                        ldap_bind()
  inc/authldap.class.php:1451                        AuthLDAP::connectToServer()
  front/authldap.form.php:70                         AuthLDAP::testLDAPConnection()
  {"user":"2@neopolis"} 
[2019-05-20 12:02:12] glpiphplog.ERROR: Toolbox::userErrorHandlerNormal() in /var/www/sac_glpi_info/inc/toolbox.class.php line 659
  *** PHP Warning(2): ldap_bind(): Unable to bind to server: Invalid credentials
  Backtrace :
  :                                                  
  inc/authldap.class.php:2575                        ldap_bind()
  inc/authldap.class.php:1451                        AuthLDAP::connectToServer()
  front/authldap.form.php:70                         AuthLDAP::testLDAPConnection()
  {"user":"2@neopolis"} 
[2019-05-20 12:02:49] glpiphplog.ERROR: Toolbox::userErrorHandlerNormal() in /var/www/sac_glpi_info/inc/toolbox.class.php line 659
  *** PHP Warning(2): ldap_bind(): Unable to bind to server: Invalid credentials
  Backtrace :
  :                                                  
  inc/authldap.class.php:2575                        ldap_bind()
  inc/authldap.class.php:1451                        AuthLDAP::connectToServer()
  front/authldap.form.php:70                         AuthLDAP::testLDAPConnection()
  {"user":"2@neopolis"} 
[2019-05-20 12:05:34] glpiphplog.ERROR: Toolbox::userErrorHandlerNormal() in /var/www/sac_glpi_info/inc/toolbox.class.php line 659
  *** PHP Warning(2): ldap_bind(): Unable to bind to server: Invalid credentials
  Backtrace :
  :                                                  
  inc/authldap.class.php:2575                        ldap_bind()
  inc/authldap.class.php:1451                        AuthLDAP::connectToServer()
  front/authldap.form.php:70                         AuthLDAP::testLDAPConnection()
  {"user":"2@neopolis"} 
[2019-05-20 12:06:09] glpiphplog.ERROR: Toolbox::userErrorHandlerNormal() in /var/www/sac_glpi_info/inc/toolbox.class.php line 659
  *** PHP Warning(2): ldap_bind(): Unable to bind to server: Invalid credentials
  Backtrace :
  :                                                  
  inc/authldap.class.php:2575                        ldap_bind()
  inc/authldap.class.php:1451                        AuthLDAP::connectToServer()
  front/authldap.form.php:70                         AuthLDAP::testLDAPConnection()
  {"user":"2@neopolis"} 
[2019-05-20 12:23:15] glpiphplog.ERROR: Toolbox::userErrorHandlerNormal() in /var/www/sac_glpi_info/inc/toolbox.class.php line 659
  *** PHP Notice(8): Undefined index: id
  Backtrace :
  inc/auth.class.php:786                             
  front/login.php:84                                 Auth->login()
  {"user":"@neopolis"} 
[2019-05-20 12:23:20] glpiphplog.ERROR: Toolbox::userErrorHandlerNormal() in /var/www/sac_glpi_info/inc/toolbox.class.php line 659
  *** PHP Notice(8): Undefined index: id
  Backtrace :
  inc/auth.class.php:786                             
  front/login.php:84                                 Auth->login()
  {"user":"@neopolis"} 
[2019-05-20 12:23:31] glpiphplog.ERROR: Toolbox::userErrorHandlerNormal() in /var/www/sac_glpi_info/inc/toolbox.class.php line 659
  *** PHP Notice(8): Undefined index: id
  Backtrace :
  inc/auth.class.php:786                             
  front/login.php:84                                 Auth->login()
  {"user":"@neopolis"} 
[2019-05-20 12:29:45] glpiphplog.ERROR: Toolbox::userErrorHandlerNormal() in /var/www/sac_glpi_info/inc/toolbox.class.php line 659
  *** PHP Warning(2): ldap_search(): Partial search results returned: Sizelimit exceeded
  Backtrace :
  :                                                  
  inc/authldap.class.php:2200                        ldap_search()
  inc/authldap.class.php:2077                        AuthLDAP::getGroupsFromLDAP()
  inc/authldap.class.php:1945                        AuthLDAP::getAllGroups()
  front/ldap.group.import.php:92                     AuthLDAP::showLdapGroups()
  {"user":"2@neopolis"} 
[2019-05-20 12:29:47] glpiphplog.ERROR: Toolbox::userErrorHandlerNormal() in /var/www/sac_glpi_info/inc/toolbox.class.php line 659
  *** PHP Warning(2): ldap_search(): Partial search results returned: Sizelimit exceeded
  Backtrace :
  :                                                  
  inc/authldap.class.php:2200                        ldap_search()
  inc/authldap.class.php:2077                        AuthLDAP::getGroupsFromLDAP()
  inc/authldap.class.php:1945                        AuthLDAP::getAllGroups()
  front/ldap.group.import.php:92                     AuthLDAP::showLdapGroups()
  {"user":"2@neopolis"} 
[2019-05-20 12:30:06] glpiphplog.ERROR: Toolbox::userErrorHandlerNormal() in /var/www/sac_glpi_info/inc/toolbox.class.php line 659
  *** PHP Warning(2): ldap_search(): Partial search results returned: Sizelimit exceeded
  Backtrace :
  :                                                  
  inc/authldap.class.php:2200                        ldap_search()
  inc/authldap.class.php:2077                        AuthLDAP::getGroupsFromLDAP()
  inc/authldap.class.php:1945                        AuthLDAP::getAllGroups()
  front/ldap.group.import.php:92                     AuthLDAP::showLdapGroups()
  {"user":"2@neopolis"} 
[2019-05-20 12:56:45] glpiphplog.ERROR: Toolbox::userErrorHandlerNormal() in /var/www/sac_glpi_info/inc/toolbox.class.php line 659
  *** PHP Warning(2): ldap_search(): Search: Bad search filter
  Backtrace :
  :                                                  
  inc/authldap.class.php:2200                        ldap_search()
  inc/authldap.class.php:2077                        AuthLDAP::getGroupsFromLDAP()
  inc/authldap.class.php:1945                        AuthLDAP::getAllGroups()
  front/ldap.group.import.php:92                     AuthLDAP::showLdapGroups()
  {"user":"2@neopolis"} 
[2019-05-21 10:40:19] glpiphplog.ERROR: Toolbox::userErrorHandlerNormal() in /var/www/sac_glpi_info/inc/toolbox.class.php line 659
  *** PHP Notice(8): Undefined index: id
  Backtrace :
  inc/auth.class.php:786                             
  front/login.php:84                                 Auth->login()
  {"user":"@neopolis"} 
[2019-05-23 09:25:09] glpiphplog.ERROR: Toolbox::userErrorHandlerNormal() in /var/www/sac_glpi_info/inc/toolbox.class.php line 659
  *** PHP Warning(2): ldap_bind(): Unable to bind to server: Invalid credentials
  Backtrace :
  :                                                  
  inc/auth.class.php:234                             ldap_bind()
  inc/authldap.class.php:2723                        Auth->connection_ldap()
  inc/authldap.class.php:2791                        AuthLDAP::ldapAuth()
  inc/auth.class.php:757                             AuthLDAP::tryLdapAuth()
  front/login.php:84                                 Auth->login()
  {"user":"@neopolis"} 
[2019-05-23 10:03:46] glpiphplog.ERROR: Toolbox::userErrorHandlerNormal() in /var/www/sac_glpi_info/inc/toolbox.class.php line 659
  *** PHP Notice(8): Undefined index: id
  Backtrace :
  inc/auth.class.php:786                             
  front/login.php:84                                 Auth->login()
  {"user":"@neopolis"} 
[2019-05-23 10:35:37] glpiphplog.ERROR: Toolbox::userErrorHandlerNormal() in /var/www/sac_glpi_info/inc/toolbox.class.php line 659
  *** PHP Notice(8): Undefined index: id
  Backtrace :
  inc/auth.class.php:786                             
  front/login.php:84                                 Auth->login()
  {"user":"@neopolis"} 
[2019-05-23 10:54:05] glpiphplog.ERROR: Toolbox::userErrorHandlerNormal() in /var/www/sac_glpi_info/inc/toolbox.class.php line 659
  *** PHP Notice(8): Undefined index: id
  Backtrace :
  inc/auth.class.php:786                             
  front/login.php:84                                 Auth->login()
  {"user":"@neopolis"} 
[2019-05-29 10:52:17] glpiphplog.ERROR: Toolbox::userErrorHandlerNormal() in /var/www/sac_glpi_info/inc/toolbox.class.php line 659
  *** PHP Warning(2): ldap_bind(): Unable to bind to server: Invalid credentials
  Backtrace :
  :                                                  
  inc/auth.class.php:234                             ldap_bind()
  inc/authldap.class.php:2723                        Auth->connection_ldap()
  inc/authldap.class.php:2791                        AuthLDAP::ldapAuth()
  inc/auth.class.php:757                             AuthLDAP::tryLdapAuth()
  front/login.php:84                                 Auth->login()
  {"user":"@neopolis"} 
